2025-12-11 20:18:27: INFO@core.py~30: Started program
2025-12-11 20:18:41: INFO@core.py~30: Started program
2025-12-11 20:19:15: INFO@core.py~30: Started program
2025-12-11 20:19:59: INFO@core.py~30: Started program
2025-12-11 20:37:30: INFO@core.py~30: Started program
2025-12-11 20:37:38: INFO@core.py~30: Started program
2025-12-11 20:37:38: INFO@extractor.py~34: File "2017-06 Journal.csv" ingested with 30 rows.
2025-12-11 20:37:38: INFO@core.py~70: 22 total rows gathered.
2025-12-11 20:37:38: INFO@core.py~85: Program completed with outputs provided in output.json .
2025-12-11 20:38:49: INFO@core.py~30: Started program
2025-12-11 20:38:49: INFO@extractor.py~34: File "INFO 2023.csv" ingested with 356 rows.
2025-12-11 20:38:49: INFO@core.py~70: 203 total rows gathered.
2025-12-11 20:38:49: INFO@core.py~85: Program completed with outputs provided in output.json .
2025-12-11 20:40:50: INFO@core.py~30: Started program
2025-12-11 20:40:50: INFO@extractor.py~34: File "2017-10 Journal.csv" ingested with 30 rows.
2025-12-11 20:40:50: INFO@extractor.py~34: File "INFO 2023.csv" ingested with 356 rows.
2025-12-11 20:40:50: INFO@core.py~70: 221 total rows gathered.
2025-12-11 20:41:47: INFO@core.py~30: Started program
2025-12-11 20:41:47: INFO@extractor.py~34: File "2017-10 Journal.csv" ingested with 30 rows.
2025-12-11 20:41:47: INFO@extractor.py~34: File "INFO 2023.csv" ingested with 356 rows.
2025-12-11 20:41:47: INFO@core.py~70: 221 total rows gathered.
2025-12-11 20:41:47: INFO@core.py~85: Program completed with outputs provided in output.json .
2025-12-11 20:42:24: INFO@core.py~30: Started program
2025-12-11 20:42:24: INFO@extractor.py~34: File "2017-06 Journal.csv" ingested with 30 rows.
2025-12-11 20:42:24: INFO@core.py~70: 22 total rows gathered.
2025-12-11 20:47:32: INFO@core.py~30: Started program
2025-12-11 20:47:32: INFO@extractor.py~34: File "2017-06 Journal.csv" ingested with 30 rows.
2025-12-11 20:47:32: INFO@core.py~69: 22 total rows gathered.
2025-12-11 20:47:32: INFO@core.py~84: Program completed with outputs provided in output.pdf .
2025-12-11 20:50:19: INFO@core.py~30: Started program
2025-12-11 20:50:19: INFO@extractor.py~34: File "2017-06 Journal.csv" ingested with 30 rows.
2025-12-11 20:50:19: INFO@core.py~69: 22 total rows gathered.
2025-12-11 20:50:19: INFO@core.py~84: Program completed with outputs provided in output.pdf .
2025-12-11 20:50:43: INFO@core.py~30: Started program
2025-12-11 20:50:43: INFO@extractor.py~34: File "2017-06 Journal.csv" ingested with 30 rows.
2025-12-11 20:50:43: INFO@core.py~69: 22 total rows gathered.
2025-12-11 20:50:43: INFO@core.py~84: Program completed with outputs provided in output.json .
