2025-12-15 10:36:33: INFO@core.py~29: Started program
2025-12-15 10:41:35: INFO@core.py~29: Started program
2025-12-15 10:42:35: INFO@core.py~29: Started program
2025-12-15 10:42:42: INFO@core.py~29: Started program
2025-12-15 10:45:28: INFO@core.py~29: Started program
2025-12-15 10:45:45: INFO@core.py~29: Started program
2025-12-15 10:45:45: INFO@extractor.py~34: File "2017-10 Journal.csv" ingested with 30 rows.
2025-12-15 10:45:45: INFO@extractor.py~34: File "2017-06 Journal.csv" ingested with 30 rows.
2025-12-15 10:45:45: INFO@extractor.py~34: File "2017-04-05 Journal.csv" ingested with 50 rows.
2025-12-15 10:45:45: INFO@extractor.py~34: File "2017-07 Journal.csv" ingested with 29 rows.
2025-12-15 10:45:45: INFO@extractor.py~34: File "2017-09 Journal.csv" ingested with 27 rows.
2025-12-15 10:45:45: INFO@extractor.py~34: File "2017-08 Journal date.csv" ingested with 31 rows.
2025-12-15 10:45:45: INFO@core.py~57: 133 total rows gathered.
2025-12-15 10:45:45: INFO@core.py~72: Program completed with outputs provided in output.json .
2025-12-15 12:14:47: INFO@core.py~29: Started program
2025-12-15 12:14:47: INFO@extractor.py~34: File "2017-10 Journal.csv" ingested with 30 rows.
2025-12-15 12:14:47: INFO@extractor.py~34: File "2017-06 Journal.csv" ingested with 30 rows.
2025-12-15 12:14:47: INFO@extractor.py~34: File "2017-04-05 Journal.csv" ingested with 50 rows.
2025-12-15 12:14:47: INFO@extractor.py~34: File "2017-09 Journal.csv" ingested with 27 rows.
2025-12-15 12:14:47: INFO@extractor.py~34: File "2017-07 Journal.csv" ingested with 29 rows.
2025-12-15 12:14:47: INFO@extractor.py~34: File "2017-08 Journal date.csv" ingested with 31 rows.
2025-12-15 12:14:47: INFO@core.py~57: 133 total rows gathered.
2025-12-15 12:14:47: INFO@core.py~76: Program completed with outputs provided in output.json .
2025-12-15 12:15:04: INFO@core.py~29: Started program
2025-12-15 12:15:04: INFO@extractor.py~34: File "2017-04-05 Journal.csv" ingested with 50 rows.
2025-12-15 12:15:04: INFO@extractor.py~34: File "2017-07 Journal.csv" ingested with 29 rows.
2025-12-15 12:15:04: INFO@extractor.py~34: File "2017-10 Journal.csv" ingested with 30 rows.
2025-12-15 12:15:04: INFO@extractor.py~34: File "2017-09 Journal.csv" ingested with 27 rows.
2025-12-15 12:15:04: INFO@extractor.py~34: File "2017-06 Journal.csv" ingested with 30 rows.
2025-12-15 12:15:04: INFO@extractor.py~34: File "2017-08 Journal date.csv" ingested with 31 rows.
2025-12-15 12:15:04: INFO@core.py~57: 133 total rows gathered.
2025-12-15 12:15:13: INFO@core.py~29: Started program
2025-12-15 12:15:13: INFO@extractor.py~34: File "2017-06 Journal.csv" ingested with 30 rows.
2025-12-15 12:15:13: INFO@extractor.py~34: File "2017-08 Journal date.csv" ingested with 31 rows.
2025-12-15 12:15:13: INFO@extractor.py~34: File "2017-07 Journal.csv" ingested with 29 rows.
2025-12-15 12:15:13: INFO@extractor.py~34: File "2017-04-05 Journal.csv" ingested with 50 rows.
2025-12-15 12:15:13: INFO@extractor.py~34: File "2017-09 Journal.csv" ingested with 27 rows.
2025-12-15 12:15:13: INFO@extractor.py~34: File "2017-10 Journal.csv" ingested with 30 rows.
2025-12-15 12:15:13: INFO@core.py~57: 133 total rows gathered.
2025-12-15 12:15:13: INFO@core.py~76: Program completed with outputs provided in output.pdf .
2025-12-15 12:24:48: INFO@core.py~29: Started program
2025-12-15 12:24:48: INFO@extractor.py~34: File "2017-09 Journal.csv" ingested with 27 rows.
2025-12-15 12:24:48: INFO@extractor.py~34: File "2017-06 Journal.csv" ingested with 30 rows.
2025-12-15 12:24:48: INFO@extractor.py~34: File "2017-04-05 Journal.csv" ingested with 50 rows.
2025-12-15 12:24:48: INFO@extractor.py~34: File "2017-07 Journal.csv" ingested with 29 rows.
2025-12-15 12:24:48: INFO@extractor.py~34: File "2017-08 Journal date.csv" ingested with 31 rows.
2025-12-15 12:24:48: INFO@extractor.py~34: File "2017-10 Journal.csv" ingested with 30 rows.
2025-12-15 12:24:48: INFO@core.py~57: 133 total rows gathered.
2025-12-15 12:24:48: INFO@core.py~76: Program completed with outputs provided in output.pdf .
2025-12-15 12:25:27: INFO@core.py~29: Started program
2025-12-15 12:25:27: ERROR@core.py~53: Files couldn't be found.
2025-12-15 12:25:37: INFO@core.py~29: Started program
2025-12-15 12:25:37: ERROR@core.py~53: Files couldn't be found.
2025-12-15 12:25:40: INFO@core.py~29: Started program
2025-12-15 12:25:40: ERROR@core.py~53: Files couldn't be found.
2025-12-15 12:25:58: INFO@core.py~29: Started program
2025-12-15 12:26:04: INFO@core.py~29: Started program
2025-12-15 12:26:09: INFO@core.py~29: Started program
2025-12-15 12:27:22: INFO@core.py~29: Started program
2025-12-15 12:28:10: INFO@core.py~29: Started program
2025-12-15 12:28:13: INFO@core.py~29: Started program
2025-12-15 12:29:01: INFO@core.py~29: Started program
2025-12-15 12:36:57: INFO@core.py~29: Started program
2025-12-15 12:37:14: INFO@core.py~29: Started program
2025-12-15 12:37:38: INFO@core.py~29: Started program
2025-12-15 12:38:23: INFO@core.py~29: Started program
2025-12-15 12:39:44: INFO@core.py~29: Started program
2025-12-15 12:39:58: INFO@core.py~29: Started program
2025-12-15 12:40:50: INFO@core.py~29: Started program
2025-12-15 12:40:57: INFO@core.py~29: Started program
2025-12-15 12:40:57: INFO@extractor.py~34: File "2017-08 Journal date.csv" ingested with 31 rows.
2025-12-15 12:40:57: INFO@extractor.py~34: File "2017-09 Journal.csv" ingested with 27 rows.
2025-12-15 12:40:57: INFO@extractor.py~34: File "2017-04-05 Journal.csv" ingested with 50 rows.
2025-12-15 12:40:57: INFO@extractor.py~34: File "2017-07 Journal.csv" ingested with 29 rows.
2025-12-15 12:40:57: INFO@extractor.py~34: File "2017-10 Journal.csv" ingested with 30 rows.
2025-12-15 12:40:57: INFO@core.py~57: 111 total rows gathered.
2025-12-15 12:40:57: INFO@core.py~76: Program completed with outputs provided in output.json .
2025-12-15 12:41:05: INFO@core.py~29: Started program
2025-12-15 12:41:05: INFO@extractor.py~34: File "2017-07 Journal.csv" ingested with 29 rows.
2025-12-15 12:41:05: INFO@extractor.py~34: File "2017-09 Journal.csv" ingested with 27 rows.
2025-12-15 12:41:05: INFO@extractor.py~34: File "2017-04-05 Journal.csv" ingested with 50 rows.
2025-12-15 12:41:05: INFO@extractor.py~34: File "2017-08 Journal date.csv" ingested with 31 rows.
2025-12-15 12:41:05: INFO@extractor.py~34: File "2017-10 Journal.csv" ingested with 30 rows.
2025-12-15 12:41:05: INFO@core.py~57: 111 total rows gathered.
2025-12-15 12:41:05: INFO@core.py~76: Program completed with outputs provided in output.json .
2025-12-15 12:41:22: INFO@core.py~29: Started program
2025-12-15 12:41:22: INFO@extractor.py~34: File "2017-10 Journal.csv" ingested with 30 rows.
2025-12-15 12:41:22: INFO@extractor.py~34: File "2017-06 Journal.csv" ingested with 30 rows.
2025-12-15 12:41:22: INFO@extractor.py~34: File "2017-08 Journal date.csv" ingested with 31 rows.
2025-12-15 12:41:22: INFO@extractor.py~34: File "INFO 2023.csv" ingested with 356 rows.
2025-12-15 12:41:22: INFO@extractor.py~34: File "2019-2020 Journal.csv" ingested with 681 rows.
2025-12-15 12:41:22: INFO@extractor.py~34: File "2017-09 Journal.csv" ingested with 27 rows.
2025-12-15 12:41:22: INFO@extractor.py~34: File "2021-2022 Journal.csv" ingested with 730 rows.
2025-12-15 12:41:22: INFO@extractor.py~34: File "2017-2018 Journal.csv" ingested with 431 rows.
2025-12-15 12:41:22: INFO@extractor.py~34: File "2017-04-05 Journal.csv" ingested with 50 rows.
2025-12-15 12:41:22: INFO@extractor.py~34: File "2017-07 Journal.csv" ingested with 29 rows.
2025-12-15 12:41:22: INFO@core.py~57: 1498 total rows gathered.
2025-12-15 12:41:22: INFO@core.py~76: Program completed with outputs provided in output.json .
2025-12-15 12:41:41: INFO@core.py~29: Started program
2025-12-15 12:41:41: INFO@extractor.py~34: File "2017-06 Journal.csv" ingested with 30 rows.
2025-12-15 12:41:41: INFO@core.py~57: 22 total rows gathered.
2025-12-15 12:41:41: INFO@core.py~76: Program completed with outputs provided in output.json .
2025-12-15 13:55:54: INFO@core.py~29: Started program
2025-12-15 13:55:54: INFO@extractor.py~34: File "2017-06 Journal.csv" ingested with 30 rows.
2025-12-15 15:00:04: INFO@core.py~29: Started program
2025-12-15 15:00:04: INFO@extractor.py~34: File "2017-06 Journal.csv" ingested with 30 rows.
2025-12-15 15:00:04: INFO@core.py~57: 22 total rows gathered.
