2025-12-12 10:30:47: INFO@core.py~29: Started program
2025-12-12 10:30:47: INFO@extractor.py~34: File "2017-06 Journal.csv" ingested with 30 rows.
2025-12-12 10:30:47: INFO@core.py~68: 22 total rows gathered.
2025-12-12 10:30:47: INFO@core.py~83: Program completed with outputs provided in output.json .
2025-12-12 10:31:47: INFO@core.py~29: Started program
2025-12-12 10:31:47: INFO@extractor.py~34: File "2017-07 Journal.csv" ingested with 29 rows.
2025-12-12 10:31:47: INFO@extractor.py~34: File "2017-06 Journal.csv" ingested with 30 rows.
2025-12-12 10:31:47: INFO@extractor.py~34: File "2019-2020 Journal.csv" ingested with 681 rows.
2025-12-12 10:31:47: INFO@extractor.py~34: File "2021-2022 Journal.csv" ingested with 730 rows.
2025-12-12 10:31:47: INFO@extractor.py~34: File "INFO 2023.csv" ingested with 356 rows.
2025-12-12 10:31:47: INFO@extractor.py~34: File "2017-2018 Journal.csv" ingested with 431 rows.
2025-12-12 10:31:47: INFO@extractor.py~34: File "2017-08 Journal date.csv" ingested with 31 rows.
2025-12-12 10:31:47: INFO@extractor.py~34: File "2017-09 Journal.csv" ingested with 27 rows.
2025-12-12 10:31:47: INFO@extractor.py~34: File "2017-10 Journal.csv" ingested with 30 rows.
2025-12-12 10:31:47: INFO@extractor.py~34: File "2017-04-05 Journal.csv" ingested with 50 rows.
2025-12-12 10:31:47: INFO@extractor.py~34: File "2017-06 Journal.csv" ingested with 30 rows.
2025-12-12 10:31:47: INFO@core.py~68: 1520 total rows gathered.
2025-12-12 10:31:47: INFO@core.py~83: Program completed with outputs provided in output.pdf .
2025-12-12 10:35:03: INFO@core.py~29: Started program
2025-12-12 10:35:03: INFO@extractor.py~34: File "2017-06 Journal.csv" ingested with 30 rows.
2025-12-12 10:35:03: INFO@core.py~68: 22 total rows gathered.
2025-12-12 10:35:03: INFO@core.py~83: Program completed with outputs provided in output.json .
2025-12-12 10:35:18: INFO@core.py~29: Started program
2025-12-12 10:35:18: INFO@extractor.py~34: File "2017-06 Journal.csv" ingested with 30 rows.
2025-12-12 10:35:18: INFO@core.py~68: 22 total rows gathered.
2025-12-12 10:35:18: INFO@core.py~83: Program completed with outputs provided in output.pdf .
2025-12-12 10:39:15: INFO@core.py~29: Started program
2025-12-12 10:39:15: INFO@extractor.py~34: File "2017-06 Journal.csv" ingested with 30 rows.
2025-12-12 10:39:15: INFO@core.py~68: 22 total rows gathered.
2025-12-12 10:39:15: DEBUG@image_parsing.py~137: ICC profile found for image D:\Programming\python\Learning\projects\csv-aggregator\csv_aggregator\data\confidential_back.jpg - It will be inserted in the PDF document
2025-12-12 10:39:15: DEBUG@ttFont.py~464: Reading 'head' table from disk
2025-12-12 10:39:15: DEBUG@ttFont.py~473: Decompiling 'head' table
2025-12-12 10:39:15: DEBUG@ttFont.py~464: Reading 'glyf' table from disk
2025-12-12 10:39:15: DEBUG@ttFont.py~473: Decompiling 'glyf' table
2025-12-12 10:39:15: DEBUG@ttFont.py~464: Reading 'loca' table from disk
2025-12-12 10:39:15: DEBUG@ttFont.py~473: Decompiling 'loca' table
2025-12-12 10:39:15: DEBUG@ttFont.py~464: Reading 'maxp' table from disk
2025-12-12 10:39:15: DEBUG@ttFont.py~473: Decompiling 'maxp' table
2025-12-12 10:39:15: DEBUG@ttFont.py~464: Reading 'post' table from disk
2025-12-12 10:39:15: DEBUG@ttFont.py~473: Decompiling 'post' table
2025-12-12 10:39:15: DEBUG@ttFont.py~464: Reading 'cmap' table from disk
2025-12-12 10:39:15: DEBUG@ttFont.py~473: Decompiling 'cmap' table
2025-12-12 10:39:15: DEBUG@ttFont.py~464: Reading 'hmtx' table from disk
2025-12-12 10:39:15: DEBUG@ttFont.py~473: Decompiling 'hmtx' table
2025-12-12 10:39:15: DEBUG@ttFont.py~464: Reading 'hhea' table from disk
2025-12-12 10:39:15: DEBUG@ttFont.py~473: Decompiling 'hhea' table
2025-12-12 10:39:15: DEBUG@ttFont.py~464: Reading 'OS/2' table from disk
2025-12-12 10:39:15: DEBUG@ttFont.py~473: Decompiling 'OS/2' table
2025-12-12 10:39:15: DEBUG@ttFont.py~464: Reading 'cmap' table from disk
2025-12-12 10:39:15: DEBUG@ttFont.py~473: Decompiling 'cmap' table
2025-12-12 10:39:15: DEBUG@ttFont.py~464: Reading 'name' table from disk
2025-12-12 10:39:15: DEBUG@ttFont.py~473: Decompiling 'name' table
2025-12-12 10:39:15: DEBUG@ttFont.py~464: Reading 'head' table from disk
2025-12-12 10:39:15: DEBUG@ttFont.py~473: Decompiling 'head' table
2025-12-12 10:39:15: DEBUG@ttFont.py~464: Reading 'glyf' table from disk
2025-12-12 10:39:15: DEBUG@ttFont.py~473: Decompiling 'glyf' table
2025-12-12 10:39:15: DEBUG@ttFont.py~464: Reading 'loca' table from disk
2025-12-12 10:39:15: DEBUG@ttFont.py~473: Decompiling 'loca' table
2025-12-12 10:39:15: DEBUG@ttFont.py~464: Reading 'maxp' table from disk
2025-12-12 10:39:15: DEBUG@ttFont.py~473: Decompiling 'maxp' table
2025-12-12 10:39:15: DEBUG@ttFont.py~464: Reading 'post' table from disk
2025-12-12 10:39:15: DEBUG@ttFont.py~473: Decompiling 'post' table
2025-12-12 10:39:15: DEBUG@ttFont.py~464: Reading 'cmap' table from disk
2025-12-12 10:39:15: DEBUG@ttFont.py~473: Decompiling 'cmap' table
2025-12-12 10:39:15: DEBUG@ttFont.py~464: Reading 'hmtx' table from disk
2025-12-12 10:39:15: DEBUG@ttFont.py~473: Decompiling 'hmtx' table
2025-12-12 10:39:15: DEBUG@ttFont.py~464: Reading 'hhea' table from disk
2025-12-12 10:39:15: DEBUG@ttFont.py~473: Decompiling 'hhea' table
2025-12-12 10:39:15: DEBUG@ttFont.py~464: Reading 'OS/2' table from disk
2025-12-12 10:39:15: DEBUG@ttFont.py~473: Decompiling 'OS/2' table
2025-12-12 10:39:15: DEBUG@ttFont.py~464: Reading 'cmap' table from disk
2025-12-12 10:39:15: DEBUG@ttFont.py~473: Decompiling 'cmap' table
2025-12-12 10:39:15: DEBUG@ttFont.py~464: Reading 'name' table from disk
2025-12-12 10:39:15: DEBUG@ttFont.py~473: Decompiling 'name' table
2025-12-12 10:39:15: DEBUG@fpdf.py~4262: Page break on page 1 at y=178 for element of height 16 > 190
2025-12-12 10:39:15: DEBUG@fpdf.py~4262: Page break on page 2 at y=187 for element of height 8 > 190
2025-12-12 10:39:15: DEBUG@loggingTools.py~357: Took 0.000s to load 'maxp'
2025-12-12 10:39:15: DEBUG@loggingTools.py~357: Took 0.000s to prune 'maxp'
2025-12-12 10:39:15: INFO@__init__.py~3595: maxp pruned
2025-12-12 10:39:15: INFO@__init__.py~3579: LTSH dropped
2025-12-12 10:39:15: INFO@__init__.py~3579: hdmx dropped
2025-12-12 10:39:15: DEBUG@loggingTools.py~357: Took 0.000s to load 'cmap'
2025-12-12 10:39:15: DEBUG@loggingTools.py~357: Took 0.000s to prune 'cmap'
2025-12-12 10:39:15: INFO@__init__.py~3595: cmap pruned
2025-12-12 10:39:15: INFO@__init__.py~3579: kern dropped
2025-12-12 10:39:15: DEBUG@loggingTools.py~357: Took 0.000s to load 'post'
2025-12-12 10:39:15: DEBUG@loggingTools.py~357: Took 0.000s to prune 'post'
2025-12-12 10:39:15: INFO@__init__.py~3595: post pruned
2025-12-12 10:39:15: INFO@__init__.py~3579: meta dropped
2025-12-12 10:39:15: INFO@__init__.py~3579: DSIG dropped
2025-12-12 10:39:15: INFO@__init__.py~3579: GDEF dropped
2025-12-12 10:39:15: INFO@__init__.py~3579: GPOS dropped
2025-12-12 10:39:15: INFO@__init__.py~3579: GSUB dropped
2025-12-12 10:39:15: DEBUG@loggingTools.py~357: Took 0.000s to load 'glyf'
2025-12-12 10:39:15: DEBUG@loggingTools.py~357: Took 0.000s to prune 'glyf'
2025-12-12 10:39:15: INFO@__init__.py~3595: glyf pruned
2025-12-12 10:39:15: DEBUG@loggingTools.py~357: Took 0.000s to close glyph list over 'cmap'
2025-12-12 10:39:15: INFO@__init__.py~3635: Added gid0 to subset
2025-12-12 10:39:15: INFO@__init__.py~3643: Added first four glyphs to subset
2025-12-12 10:39:15: INFO@__init__.py~3708: Closing glyph list over 'glyf': 68 glyphs before
2025-12-12 10:39:15: INFO@__init__.py~460: Glyph names: ['.notdef', 'A', 'C', 'D', 'E', 'G', 'H', 'I', 'L', 'M', 'N', 'O', 'P', 'R', 'S', 'T', 'V', 'W', 'Y', 'a', 'b', 'c', 'colon', 'comma', 'd', 'e', 'eight', 'exclam', 'f', 'five', 'four', 'g', 'glyph00001', 'glyph00002', 'h', 'hyphen', 'i', 'j', 'k', 'l', 'm', 'n', 'nine', 'o', 'one', 'p', 'parenleft', 'parenright', 'period', 'q', 'question', 'quoteright', 'quotesingle', 'r', 's', 'seven', 'six', 'slash', 'space', 't', 'three', 'two', 'u', 'v', 'w', 'x', 'y', 'zero']
2025-12-12 10:39:15: INFO@__init__.py~463: Glyph IDs:   [0, 1, 2, 3, 4, 10, 11, 12, 15, 16, 17, 18, 19, 20, 21, 22, 23, 24, 25, 26, 27, 28, 29, 34, 36, 38, 39, 40, 42, 43, 44, 47, 48, 49, 50, 51, 53, 54, 55, 57, 58, 60, 68, 69, 70, 71, 72, 73, 74, 75, 76, 77, 78, 79, 80, 81, 82, 83, 84, 85, 86, 87, 88, 89, 90, 91, 92, 182]
2025-12-12 10:39:15: INFO@__init__.py~3714: Closed glyph list over 'glyf': 68 glyphs after
2025-12-12 10:39:15: INFO@__init__.py~460: Glyph names: ['.notdef', 'A', 'C', 'D', 'E', 'G', 'H', 'I', 'L', 'M', 'N', 'O', 'P', 'R', 'S', 'T', 'V', 'W', 'Y', 'a', 'b', 'c', 'colon', 'comma', 'd', 'e', 'eight', 'exclam', 'f', 'five', 'four', 'g', 'glyph00001', 'glyph00002', 'h', 'hyphen', 'i', 'j', 'k', 'l', 'm', 'n', 'nine', 'o', 'one', 'p', 'parenleft', 'parenright', 'period', 'q', 'question', 'quoteright', 'quotesingle', 'r', 's', 'seven', 'six', 'slash', 'space', 't', 'three', 'two', 'u', 'v', 'w', 'x', 'y', 'zero']
2025-12-12 10:39:15: INFO@__init__.py~463: Glyph IDs:   [0, 1, 2, 3, 4, 10, 11, 12, 15, 16, 17, 18, 19, 20, 21, 22, 23, 24, 25, 26, 27, 28, 29, 34, 36, 38, 39, 40, 42, 43, 44, 47, 48, 49, 50, 51, 53, 54, 55, 57, 58, 60, 68, 69, 70, 71, 72, 73, 74, 75, 76, 77, 78, 79, 80, 81, 82, 83, 84, 85, 86, 87, 88, 89, 90, 91, 92, 182]
2025-12-12 10:39:15: DEBUG@loggingTools.py~357: Took 0.001s to close glyph list over 'glyf'
2025-12-12 10:39:15: INFO@__init__.py~3767: Retaining 68 glyphs
2025-12-12 10:39:15: INFO@__init__.py~3777: head subsetting not needed
2025-12-12 10:39:15: INFO@__init__.py~3777: hhea subsetting not needed
2025-12-12 10:39:15: INFO@__init__.py~3777: maxp subsetting not needed
2025-12-12 10:39:15: INFO@__init__.py~3777: OS/2 subsetting not needed
2025-12-12 10:39:15: DEBUG@loggingTools.py~357: Took 0.000s to subset 'hmtx'
2025-12-12 10:39:15: INFO@__init__.py~3788: hmtx subsetted
2025-12-12 10:39:15: INFO@__init__.py~3777: VDMX subsetting not needed
2025-12-12 10:39:15: DEBUG@loggingTools.py~357: Took 0.000s to subset 'cmap'
2025-12-12 10:39:15: INFO@__init__.py~3788: cmap subsetted
2025-12-12 10:39:15: INFO@__init__.py~3777: fpgm subsetting not needed
2025-12-12 10:39:15: INFO@__init__.py~3777: prep subsetting not needed
2025-12-12 10:39:15: INFO@__init__.py~3777: cvt  subsetting not needed
2025-12-12 10:39:15: INFO@__init__.py~3777: loca subsetting not needed
2025-12-12 10:39:15: DEBUG@loggingTools.py~357: Took 0.000s to subset 'post'
2025-12-12 10:39:15: INFO@__init__.py~3788: post subsetted
2025-12-12 10:39:15: INFO@__init__.py~3777: gasp subsetting not needed
2025-12-12 10:39:15: INFO@__init__.py~3777: name subsetting not needed
2025-12-12 10:39:15: DEBUG@loggingTools.py~357: Took 0.001s to subset 'glyf'
2025-12-12 10:39:15: INFO@__init__.py~3788: glyf subsetted
2025-12-12 10:39:15: DEBUG@loggingTools.py~357: Took 0.000s to subset GlyphOrder
2025-12-12 10:39:15: DEBUG@loggingTools.py~357: Took 0.000s to prune 'head'
2025-12-12 10:39:15: INFO@__init__.py~3847: head pruned
2025-12-12 10:39:15: INFO@__init__.py~3814: OS/2 Unicode ranges pruned: [0, 1, 31]
2025-12-12 10:39:15: INFO@__init__.py~3823: OS/2 CodePage ranges pruned: [0]
2025-12-12 10:39:15: DEBUG@loggingTools.py~357: Took 0.000s to prune 'glyf'
2025-12-12 10:39:15: INFO@__init__.py~3847: glyf pruned
2025-12-12 10:39:15: DEBUG@ttFont.py~464: Reading 'VDMX' table from disk
2025-12-12 10:39:15: DEBUG@ttFont.py~473: Decompiling 'VDMX' table
2025-12-12 10:39:15: DEBUG@ttFont.py~464: Reading 'fpgm' table from disk
2025-12-12 10:39:15: DEBUG@ttFont.py~473: Decompiling 'fpgm' table
2025-12-12 10:39:15: DEBUG@ttFont.py~464: Reading 'prep' table from disk
2025-12-12 10:39:15: DEBUG@ttFont.py~473: Decompiling 'prep' table
2025-12-12 10:39:15: DEBUG@ttFont.py~464: Reading 'cvt ' table from disk
2025-12-12 10:39:15: DEBUG@ttFont.py~473: Decompiling 'cvt ' table
2025-12-12 10:39:15: DEBUG@ttFont.py~464: Reading 'gasp' table from disk
2025-12-12 10:39:15: DEBUG@ttFont.py~473: Decompiling 'gasp' table
2025-12-12 10:39:15: DEBUG@loggingTools.py~357: Took 0.001s to prune 'name'
2025-12-12 10:39:15: INFO@__init__.py~3847: name pruned
2025-12-12 10:39:15: DEBUG@ttFont.py~734: Compiling 'glyf' table
2025-12-12 10:39:15: DEBUG@ttFont.py~720: Writing 'glyf' table to disk
2025-12-12 10:39:15: DEBUG@ttFont.py~734: Compiling 'maxp' table
2025-12-12 10:39:15: DEBUG@ttFont.py~720: Writing 'maxp' table to disk
2025-12-12 10:39:15: DEBUG@ttFont.py~734: Compiling 'loca' table
2025-12-12 10:39:15: DEBUG@ttFont.py~720: Writing 'loca' table to disk
2025-12-12 10:39:15: DEBUG@ttFont.py~734: Compiling 'head' table
2025-12-12 10:39:15: DEBUG@ttFont.py~720: Writing 'head' table to disk
2025-12-12 10:39:15: DEBUG@ttFont.py~734: Compiling 'hmtx' table
2025-12-12 10:39:15: DEBUG@ttFont.py~720: Writing 'hmtx' table to disk
2025-12-12 10:39:15: DEBUG@ttFont.py~734: Compiling 'hhea' table
2025-12-12 10:39:15: DEBUG@ttFont.py~720: Writing 'hhea' table to disk
2025-12-12 10:39:15: DEBUG@ttFont.py~734: Compiling 'OS/2' table
2025-12-12 10:39:15: DEBUG@ttFont.py~720: Writing 'OS/2' table to disk
2025-12-12 10:39:15: DEBUG@ttFont.py~734: Compiling 'VDMX' table
2025-12-12 10:39:15: DEBUG@ttFont.py~720: Writing 'VDMX' table to disk
2025-12-12 10:39:15: DEBUG@ttFont.py~734: Compiling 'cmap' table
2025-12-12 10:39:15: DEBUG@ttFont.py~720: Writing 'cmap' table to disk
2025-12-12 10:39:15: DEBUG@ttFont.py~734: Compiling 'fpgm' table
2025-12-12 10:39:15: DEBUG@ttFont.py~720: Writing 'fpgm' table to disk
2025-12-12 10:39:15: DEBUG@ttFont.py~734: Compiling 'prep' table
2025-12-12 10:39:15: DEBUG@ttFont.py~720: Writing 'prep' table to disk
2025-12-12 10:39:15: DEBUG@ttFont.py~734: Compiling 'cvt ' table
2025-12-12 10:39:15: DEBUG@ttFont.py~720: Writing 'cvt ' table to disk
2025-12-12 10:39:15: DEBUG@ttFont.py~734: Compiling 'name' table
2025-12-12 10:39:15: DEBUG@ttFont.py~720: Writing 'name' table to disk
2025-12-12 10:39:15: DEBUG@ttFont.py~734: Compiling 'post' table
2025-12-12 10:39:15: DEBUG@ttFont.py~720: Writing 'post' table to disk
2025-12-12 10:39:15: DEBUG@ttFont.py~734: Compiling 'gasp' table
2025-12-12 10:39:15: DEBUG@ttFont.py~720: Writing 'gasp' table to disk
2025-12-12 10:39:15: DEBUG@loggingTools.py~357: Took 0.000s to load 'maxp'
2025-12-12 10:39:15: DEBUG@loggingTools.py~357: Took 0.000s to prune 'maxp'
2025-12-12 10:39:15: INFO@__init__.py~3595: maxp pruned
2025-12-12 10:39:15: INFO@__init__.py~3579: LTSH dropped
2025-12-12 10:39:15: INFO@__init__.py~3579: hdmx dropped
2025-12-12 10:39:15: DEBUG@loggingTools.py~357: Took 0.000s to load 'cmap'
2025-12-12 10:39:15: DEBUG@loggingTools.py~357: Took 0.000s to prune 'cmap'
2025-12-12 10:39:15: INFO@__init__.py~3595: cmap pruned
2025-12-12 10:39:15: DEBUG@loggingTools.py~357: Took 0.000s to load 'post'
2025-12-12 10:39:15: DEBUG@loggingTools.py~357: Took 0.000s to prune 'post'
2025-12-12 10:39:15: INFO@__init__.py~3595: post pruned
2025-12-12 10:39:15: INFO@__init__.py~3579: meta dropped
2025-12-12 10:39:15: INFO@__init__.py~3579: DSIG dropped
2025-12-12 10:39:15: INFO@__init__.py~3579: GDEF dropped
2025-12-12 10:39:15: INFO@__init__.py~3579: GPOS dropped
2025-12-12 10:39:15: INFO@__init__.py~3579: GSUB dropped
2025-12-12 10:39:15: DEBUG@loggingTools.py~357: Took 0.000s to load 'glyf'
2025-12-12 10:39:15: DEBUG@loggingTools.py~357: Took 0.000s to prune 'glyf'
2025-12-12 10:39:15: INFO@__init__.py~3595: glyf pruned
2025-12-12 10:39:15: DEBUG@loggingTools.py~357: Took 0.000s to close glyph list over 'cmap'
2025-12-12 10:39:15: INFO@__init__.py~3635: Added gid0 to subset
2025-12-12 10:39:15: INFO@__init__.py~3643: Added first four glyphs to subset
2025-12-12 10:39:15: INFO@__init__.py~3708: Closing glyph list over 'glyf': 28 glyphs before
2025-12-12 10:39:15: INFO@__init__.py~460: Glyph names: ['.notdef', 'A', 'C', 'D', 'G', 'M', 'N', 'R', 'S', 'T', 'a', 'd', 'e', 'g', 'glyph00001', 'glyph00002', 'i', 'l', 'm', 'n', 'o', 'p', 'r', 's', 'space', 't', 'u', 'y']
2025-12-12 10:39:15: INFO@__init__.py~463: Glyph IDs:   [0, 1, 2, 3, 36, 38, 39, 42, 48, 49, 53, 54, 55, 68, 71, 72, 74, 76, 79, 80, 81, 82, 83, 85, 86, 87, 88, 92]
2025-12-12 10:39:15: INFO@__init__.py~3714: Closed glyph list over 'glyf': 28 glyphs after
2025-12-12 10:39:15: INFO@__init__.py~460: Glyph names: ['.notdef', 'A', 'C', 'D', 'G', 'M', 'N', 'R', 'S', 'T', 'a', 'd', 'e', 'g', 'glyph00001', 'glyph00002', 'i', 'l', 'm', 'n', 'o', 'p', 'r', 's', 'space', 't', 'u', 'y']
2025-12-12 10:39:15: INFO@__init__.py~463: Glyph IDs:   [0, 1, 2, 3, 36, 38, 39, 42, 48, 49, 53, 54, 55, 68, 71, 72, 74, 76, 79, 80, 81, 82, 83, 85, 86, 87, 88, 92]
2025-12-12 10:39:15: DEBUG@loggingTools.py~357: Took 0.001s to close glyph list over 'glyf'
2025-12-12 10:39:15: INFO@__init__.py~3767: Retaining 28 glyphs
2025-12-12 10:39:15: INFO@__init__.py~3777: head subsetting not needed
2025-12-12 10:39:15: INFO@__init__.py~3777: hhea subsetting not needed
2025-12-12 10:39:15: INFO@__init__.py~3777: maxp subsetting not needed
2025-12-12 10:39:15: INFO@__init__.py~3777: OS/2 subsetting not needed
2025-12-12 10:39:15: DEBUG@loggingTools.py~357: Took 0.000s to subset 'hmtx'
2025-12-12 10:39:15: INFO@__init__.py~3788: hmtx subsetted
2025-12-12 10:39:15: INFO@__init__.py~3777: VDMX subsetting not needed
2025-12-12 10:39:15: DEBUG@loggingTools.py~357: Took 0.000s to subset 'cmap'
2025-12-12 10:39:15: INFO@__init__.py~3788: cmap subsetted
2025-12-12 10:39:15: INFO@__init__.py~3777: fpgm subsetting not needed
2025-12-12 10:39:15: INFO@__init__.py~3777: prep subsetting not needed
2025-12-12 10:39:15: INFO@__init__.py~3777: cvt  subsetting not needed
2025-12-12 10:39:15: INFO@__init__.py~3777: loca subsetting not needed
2025-12-12 10:39:15: DEBUG@loggingTools.py~357: Took 0.000s to subset 'post'
2025-12-12 10:39:15: INFO@__init__.py~3788: post subsetted
2025-12-12 10:39:15: INFO@__init__.py~3777: gasp subsetting not needed
2025-12-12 10:39:15: INFO@__init__.py~3777: name subsetting not needed
2025-12-12 10:39:15: DEBUG@loggingTools.py~357: Took 0.001s to subset 'glyf'
2025-12-12 10:39:15: INFO@__init__.py~3788: glyf subsetted
2025-12-12 10:39:15: DEBUG@loggingTools.py~357: Took 0.000s to subset GlyphOrder
2025-12-12 10:39:15: DEBUG@loggingTools.py~357: Took 0.000s to prune 'head'
2025-12-12 10:39:15: INFO@__init__.py~3847: head pruned
2025-12-12 10:39:15: INFO@__init__.py~3814: OS/2 Unicode ranges pruned: [0, 1]
2025-12-12 10:39:15: INFO@__init__.py~3823: OS/2 CodePage ranges pruned: [0]
2025-12-12 10:39:15: DEBUG@loggingTools.py~357: Took 0.000s to prune 'glyf'
2025-12-12 10:39:15: INFO@__init__.py~3847: glyf pruned
2025-12-12 10:39:15: DEBUG@ttFont.py~464: Reading 'VDMX' table from disk
2025-12-12 10:39:15: DEBUG@ttFont.py~473: Decompiling 'VDMX' table
2025-12-12 10:39:15: DEBUG@ttFont.py~464: Reading 'fpgm' table from disk
2025-12-12 10:39:15: DEBUG@ttFont.py~473: Decompiling 'fpgm' table
2025-12-12 10:39:15: DEBUG@ttFont.py~464: Reading 'prep' table from disk
2025-12-12 10:39:15: DEBUG@ttFont.py~473: Decompiling 'prep' table
2025-12-12 10:39:15: DEBUG@ttFont.py~464: Reading 'cvt ' table from disk
2025-12-12 10:39:15: DEBUG@ttFont.py~473: Decompiling 'cvt ' table
2025-12-12 10:39:15: DEBUG@ttFont.py~464: Reading 'gasp' table from disk
2025-12-12 10:39:15: DEBUG@ttFont.py~473: Decompiling 'gasp' table
2025-12-12 10:39:15: DEBUG@loggingTools.py~357: Took 0.001s to prune 'name'
2025-12-12 10:39:15: INFO@__init__.py~3847: name pruned
2025-12-12 10:39:15: DEBUG@ttFont.py~734: Compiling 'glyf' table
2025-12-12 10:39:15: DEBUG@ttFont.py~720: Writing 'glyf' table to disk
2025-12-12 10:39:15: DEBUG@ttFont.py~734: Compiling 'maxp' table
2025-12-12 10:39:15: DEBUG@ttFont.py~720: Writing 'maxp' table to disk
2025-12-12 10:39:15: DEBUG@ttFont.py~734: Compiling 'loca' table
2025-12-12 10:39:15: DEBUG@ttFont.py~720: Writing 'loca' table to disk
2025-12-12 10:39:15: DEBUG@ttFont.py~734: Compiling 'head' table
2025-12-12 10:39:15: DEBUG@ttFont.py~720: Writing 'head' table to disk
2025-12-12 10:39:15: DEBUG@ttFont.py~734: Compiling 'hmtx' table
2025-12-12 10:39:15: DEBUG@ttFont.py~720: Writing 'hmtx' table to disk
2025-12-12 10:39:15: DEBUG@ttFont.py~734: Compiling 'hhea' table
2025-12-12 10:39:15: DEBUG@ttFont.py~720: Writing 'hhea' table to disk
2025-12-12 10:39:15: DEBUG@ttFont.py~734: Compiling 'OS/2' table
2025-12-12 10:39:15: DEBUG@ttFont.py~720: Writing 'OS/2' table to disk
2025-12-12 10:39:15: DEBUG@ttFont.py~734: Compiling 'VDMX' table
2025-12-12 10:39:15: DEBUG@ttFont.py~720: Writing 'VDMX' table to disk
2025-12-12 10:39:15: DEBUG@ttFont.py~734: Compiling 'cmap' table
2025-12-12 10:39:15: DEBUG@ttFont.py~720: Writing 'cmap' table to disk
2025-12-12 10:39:15: DEBUG@ttFont.py~734: Compiling 'fpgm' table
2025-12-12 10:39:15: DEBUG@ttFont.py~720: Writing 'fpgm' table to disk
2025-12-12 10:39:15: DEBUG@ttFont.py~734: Compiling 'prep' table
2025-12-12 10:39:15: DEBUG@ttFont.py~720: Writing 'prep' table to disk
2025-12-12 10:39:15: DEBUG@ttFont.py~734: Compiling 'cvt ' table
2025-12-12 10:39:15: DEBUG@ttFont.py~720: Writing 'cvt ' table to disk
2025-12-12 10:39:15: DEBUG@ttFont.py~734: Compiling 'name' table
2025-12-12 10:39:15: DEBUG@ttFont.py~720: Writing 'name' table to disk
2025-12-12 10:39:15: DEBUG@ttFont.py~734: Compiling 'post' table
2025-12-12 10:39:15: DEBUG@ttFont.py~720: Writing 'post' table to disk
2025-12-12 10:39:15: DEBUG@ttFont.py~734: Compiling 'gasp' table
2025-12-12 10:39:15: DEBUG@ttFont.py~720: Writing 'gasp' table to disk
2025-12-12 10:39:15: DEBUG@output.py~1877: Final size summary of the biggest document sections:
2025-12-12 10:39:15: DEBUG@output.py~1879: - pages: 4.2KiB
2025-12-12 10:39:15: DEBUG@output.py~1879: - iccp: 350.0B
2025-12-12 10:39:15: DEBUG@output.py~1879: - images: 19.5KiB
2025-12-12 10:39:15: DEBUG@output.py~1879: - fonts: 32.9KiB
2025-12-12 10:39:15: INFO@core.py~83: Program completed with outputs provided in output.pdf .
2025-12-12 10:39:20: INFO@core.py~29: Started program
2025-12-12 10:39:20: INFO@extractor.py~34: File "2017-06 Journal.csv" ingested with 30 rows.
2025-12-12 10:39:20: INFO@core.py~68: 22 total rows gathered.
2025-12-12 10:39:20: INFO@core.py~83: Program completed with outputs provided in output.pdf .
2025-12-12 10:39:34: INFO@core.py~29: Started program
2025-12-12 10:39:34: INFO@extractor.py~34: File "2017-08 Journal date.csv" ingested with 31 rows.
2025-12-12 10:39:34: INFO@extractor.py~34: File "2017-04-05 Journal.csv" ingested with 50 rows.
2025-12-12 10:39:34: INFO@extractor.py~34: File "2017-06 Journal.csv" ingested with 30 rows.
2025-12-12 10:39:34: INFO@extractor.py~34: File "2019-2020 Journal.csv" ingested with 681 rows.
2025-12-12 10:39:34: INFO@extractor.py~34: File "2017-06 Journal.csv" ingested with 30 rows.
2025-12-12 10:39:34: INFO@extractor.py~34: File "2017-09 Journal.csv" ingested with 27 rows.
2025-12-12 10:39:34: INFO@extractor.py~34: File "INFO 2023.csv" ingested with 356 rows.
2025-12-12 10:39:34: INFO@extractor.py~34: File "2017-07 Journal.csv" ingested with 29 rows.
2025-12-12 10:39:34: INFO@extractor.py~34: File "2017-10 Journal.csv" ingested with 30 rows.
2025-12-12 10:39:34: INFO@extractor.py~34: File "2021-2022 Journal.csv" ingested with 730 rows.
2025-12-12 10:39:34: INFO@extractor.py~34: File "2017-2018 Journal.csv" ingested with 431 rows.
2025-12-12 10:39:34: INFO@core.py~68: 1520 total rows gathered.
2025-12-12 10:39:34: INFO@core.py~83: Program completed with outputs provided in output.pdf .
2025-12-12 10:39:46: INFO@core.py~29: Started program
2025-12-12 10:39:46: INFO@extractor.py~34: File "2017-08 Journal date.csv" ingested with 31 rows.
2025-12-12 10:39:46: INFO@extractor.py~34: File "2017-06 Journal.csv" ingested with 30 rows.
2025-12-12 10:39:46: INFO@extractor.py~34: File "2017-10 Journal.csv" ingested with 30 rows.
2025-12-12 10:39:46: INFO@extractor.py~34: File "INFO 2023.csv" ingested with 356 rows.
2025-12-12 10:39:46: INFO@extractor.py~34: File "2017-09 Journal.csv" ingested with 27 rows.
2025-12-12 10:39:46: INFO@extractor.py~34: File "2017-2018 Journal.csv" ingested with 431 rows.
2025-12-12 10:39:46: INFO@extractor.py~34: File "2019-2020 Journal.csv" ingested with 681 rows.
2025-12-12 10:39:46: INFO@extractor.py~34: File "2017-07 Journal.csv" ingested with 29 rows.
2025-12-12 10:39:46: INFO@extractor.py~34: File "2021-2022 Journal.csv" ingested with 730 rows.
2025-12-12 10:39:46: INFO@extractor.py~34: File "2017-06 Journal.csv" ingested with 30 rows.
2025-12-12 10:39:46: INFO@extractor.py~34: File "2017-04-05 Journal.csv" ingested with 50 rows.
2025-12-12 10:39:46: INFO@core.py~68: 1520 total rows gathered.
2025-12-12 10:39:47: INFO@core.py~83: Program completed with outputs provided in output.pdf .
2025-12-12 10:40:44: INFO@core.py~29: Started program
2025-12-12 10:40:44: INFO@extractor.py~34: File "2017-09 Journal.csv" ingested with 27 rows.
2025-12-12 10:40:44: INFO@extractor.py~34: File "2017-06 Journal.csv" ingested with 30 rows.
2025-12-12 10:40:44: INFO@extractor.py~34: File "2017-04-05 Journal.csv" ingested with 50 rows.
2025-12-12 10:40:44: INFO@extractor.py~34: File "2017-06 Journal.csv" ingested with 30 rows.
2025-12-12 10:40:44: INFO@extractor.py~34: File "2019-2020 Journal.csv" ingested with 681 rows.
2025-12-12 10:40:44: INFO@extractor.py~34: File "2017-2018 Journal.csv" ingested with 431 rows.
2025-12-12 10:40:44: INFO@extractor.py~34: File "2017-10 Journal.csv" ingested with 30 rows.
2025-12-12 10:40:44: INFO@extractor.py~34: File "INFO 2023.csv" ingested with 356 rows.
2025-12-12 10:40:44: INFO@extractor.py~34: File "2021-2022 Journal.csv" ingested with 730 rows.
2025-12-12 10:40:44: INFO@extractor.py~34: File "2017-07 Journal.csv" ingested with 29 rows.
2025-12-12 10:40:44: INFO@extractor.py~34: File "2017-08 Journal date.csv" ingested with 31 rows.
2025-12-12 10:40:44: INFO@core.py~68: 1520 total rows gathered.
2025-12-12 10:40:44: INFO@core.py~83: Program completed with outputs provided in output.pdf .
2025-12-12 10:51:05: INFO@core.py~29: Started program
2025-12-12 10:51:05: INFO@extractor.py~34: File "2017-06 Journal.csv" ingested with 30 rows.
2025-12-12 10:51:05: INFO@core.py~52: 22 total rows gathered.
2025-12-12 10:51:05: INFO@core.py~69: Program completed with outputs provided in output.pdf .
2025-12-12 10:51:36: INFO@core.py~29: Started program
2025-12-12 10:52:09: INFO@core.py~29: Started program
2025-12-12 10:52:09: ERROR@core.py~54: Files couldn't be found.
2025-12-12 10:52:49: INFO@core.py~29: Started program
2025-12-12 10:52:54: INFO@core.py~29: Started program
2025-12-12 10:52:54: ERROR@core.py~54: Files couldn't be found.
2025-12-12 11:03:08: INFO@core.py~29: Started program
2025-12-12 11:03:08: INFO@extractor.py~34: File "2019-2020 Journal.csv" ingested with 681 rows.
2025-12-12 11:03:08: INFO@extractor.py~34: File "2017-04-05 Journal.csv" ingested with 50 rows.
2025-12-12 11:03:08: INFO@extractor.py~34: File "2017-10 Journal.csv" ingested with 30 rows.
2025-12-12 11:03:08: INFO@extractor.py~34: File "2017-07 Journal.csv" ingested with 29 rows.
2025-12-12 11:03:08: INFO@extractor.py~34: File "INFO 2023.csv" ingested with 356 rows.
2025-12-12 11:03:08: INFO@extractor.py~34: File "2017-08 Journal date.csv" ingested with 31 rows.
2025-12-12 11:03:08: INFO@extractor.py~34: File "2017-2018 Journal.csv" ingested with 431 rows.
2025-12-12 11:03:08: INFO@extractor.py~34: File "2021-2022 Journal.csv" ingested with 730 rows.
2025-12-12 11:03:08: INFO@extractor.py~34: File "2017-09 Journal.csv" ingested with 27 rows.
2025-12-12 11:03:08: INFO@extractor.py~34: File "2017-06 Journal.csv" ingested with 30 rows.
2025-12-12 11:03:08: INFO@core.py~52: 1498 total rows gathered.
2025-12-12 11:03:08: INFO@core.py~70: Program completed with outputs provided in output.pdf .
2025-12-12 11:06:21: INFO@core.py~29: Started program
2025-12-12 11:06:21: INFO@extractor.py~34: File "2017-09 Journal.csv" ingested with 27 rows.
2025-12-12 11:06:21: INFO@extractor.py~34: File "2017-07 Journal.csv" ingested with 29 rows.
2025-12-12 11:06:21: INFO@extractor.py~34: File "2017-08 Journal date.csv" ingested with 31 rows.
2025-12-12 11:06:21: INFO@extractor.py~34: File "2017-04-05 Journal.csv" ingested with 50 rows.
2025-12-12 11:06:21: INFO@extractor.py~34: File "2017-10 Journal.csv" ingested with 30 rows.
2025-12-12 11:06:21: INFO@core.py~52: 111 total rows gathered.
2025-12-12 11:06:21: INFO@core.py~70: Program completed with outputs provided in output.pdf .
2025-12-12 11:07:14: INFO@core.py~29: Started program
2025-12-12 11:07:14: INFO@extractor.py~34: File "2017-07 Journal.csv" ingested with 29 rows.
2025-12-12 11:07:14: INFO@extractor.py~34: File "2017-09 Journal.csv" ingested with 27 rows.
2025-12-12 11:07:14: INFO@extractor.py~34: File "2017-04-05 Journal.csv" ingested with 50 rows.
2025-12-12 11:07:14: INFO@extractor.py~34: File "2017-10 Journal.csv" ingested with 30 rows.
2025-12-12 11:07:14: INFO@extractor.py~34: File "2017-08 Journal date.csv" ingested with 31 rows.
2025-12-12 11:07:14: INFO@core.py~52: 111 total rows gathered.
2025-12-12 11:07:14: INFO@core.py~70: Program completed with outputs provided in output.pdf .
2025-12-12 11:10:25: INFO@core.py~29: Started program
2025-12-12 11:10:25: INFO@extractor.py~34: File "2017-10 Journal.csv" ingested with 30 rows.
2025-12-12 11:10:25: INFO@extractor.py~34: File "2017-08 Journal date.csv" ingested with 31 rows.
2025-12-12 11:10:25: INFO@extractor.py~34: File "2017-07 Journal.csv" ingested with 29 rows.
2025-12-12 11:10:25: INFO@extractor.py~34: File "2017-09 Journal.csv" ingested with 27 rows.
2025-12-12 11:10:25: INFO@extractor.py~34: File "2017-04-05 Journal.csv" ingested with 50 rows.
2025-12-12 11:10:25: INFO@core.py~52: 111 total rows gathered.
2025-12-12 11:10:25: INFO@core.py~70: Program completed with outputs provided in output.pdf .
2025-12-12 11:23:01: INFO@core.py~29: Started program
2025-12-12 11:24:25: INFO@core.py~29: Started program
2025-12-12 11:26:16: INFO@core.py~29: Started program
2025-12-12 12:10:21: INFO@core.py~29: Started program
2025-12-12 12:11:14: INFO@core.py~29: Started program
2025-12-12 12:11:14: INFO@extractor.py~34: File "2017-06 Journal.csv" ingested with 30 rows.
2025-12-12 12:11:14: INFO@extractor.py~34: File "2017-09 Journal.csv" ingested with 27 rows.
2025-12-12 12:11:14: INFO@extractor.py~34: File "2017-04-05 Journal.csv" ingested with 50 rows.
2025-12-12 12:11:14: INFO@extractor.py~34: File "2017-07 Journal.csv" ingested with 29 rows.
2025-12-12 12:11:14: INFO@extractor.py~34: File "2017-10 Journal.csv" ingested with 30 rows.
2025-12-12 12:11:14: INFO@extractor.py~34: File "2017-08 Journal date.csv" ingested with 31 rows.
2025-12-12 12:11:14: INFO@core.py~55: 133 total rows gathered.
2025-12-12 12:11:14: INFO@core.py~70: Program completed with outputs provided in output.pdf .
2025-12-12 12:18:55: INFO@core.py~29: Started program
2025-12-12 12:18:55: INFO@extractor.py~34: File "2017-06 Journal.csv" ingested with 30 rows.
2025-12-12 12:18:55: INFO@core.py~55: 22 total rows gathered.
2025-12-12 12:18:55: INFO@core.py~70: Program completed with outputs provided in output.pdf .
